<?xml version="1.0" encoding="UTF-8"?>
<!-- Generated by org.testng.reporters.JUnitReportReporter -->
<testsuite hostname="DESKTOP-UUPN511" failures="0" tests="5" name="testngStepDefinition.TestNGRunner" time="210.463" errors="0" timestamp="2022-07-19T07:18:57 IST" skipped="0">
  <testcase classname="testngStepDefinition.TestNGRunner" name="runScenario" time="40.451"/>
  <system-out/>
  <testcase classname="testngStepDefinition.TestNGRunner" name="runScenario" time="44.893"/>
  <system-out/>
  <testcase classname="testngStepDefinition.TestNGRunner" name="runScenario" time="40.456"/>
  <system-out/>
  <testcase classname="testngStepDefinition.TestNGRunner" name="runScenario" time="44.749"/>
  <system-out/>
  <testcase classname="testngStepDefinition.TestNGRunner" name="runScenario" time="39.914"/>
  <system-out/>
</testsuite> <!-- testngStepDefinition.TestNGRunner -->
